<?xml version="1.0" encoding="UTF-8"?>
<testsuite xmlns:xsi="http://www.w3.org/2001/XMLSchema-instance" xsi:noNamespaceSchemaLocation="https://maven.apache.org/surefire/maven-surefire-plugin/xsd/surefire-test-report.xsd" name="runners.RunCukesTest" time="0.703" tests="46" errors="0" skipped="38" failures="0">
  <properties>
[...]
</properties>
  <testcase name="Given Customer on smart box landing page" classname="Scenario: Verify customer searching a box using main search field" time="0">
    <skipped/>
  </testcase>
  <testcase name="When Customer enters box name on the main search field" classname="Scenario: Verify customer searching a box using main search field" time="0">
    <skipped/>
  </testcase>
  <testcase name="Then Suggestions are displayed as customer type" classname="Scenario: Verify customer searching a box using main search field" time="0">
    <skipped/>
  </testcase>
  <testcase name="Scenario: Verify customer searching a box using main search field" classname="Scenario: Verify customer searching a box using main search field" time="0">
    <skipped/>
  </testcase>
  <testcase name="Scenario: Verify customer searching a box using main search field" classname="Scenario: Verify customer searching a box using main search field" time="0.126"/>
  <testcase name="Given Customer on smart box landing page" classname="Scenario: Verify customer can see filter options on selecting category and subcategory" time="0">
    <skipped/>
  </testcase>
  <testcase name="When Customer select category and sub category" classname="Scenario: Verify customer can see filter options on selecting category and subcategory" time="0">
    <skipped/>
  </testcase>
  <testcase name="Then filter options should display" classname="Scenario: Verify customer can see filter options on selecting category and subcategory" time="0">
    <skipped/>
  </testcase>
  <testcase name="Scenario: Verify customer can see filter options on selecting category and subcategory" classname="Scenario: Verify customer can see filter options on selecting category and subcategory" time="0">
    <skipped/>
  </testcase>
  <testcase name="Scenario: Verify customer can see filter options on selecting category and subcategory" classname="Scenario: Verify customer can see filter options on selecting category and subcategory" time="0"/>
  <testcase name="Given Customer on smart box landing page" classname="Scenario: Verify customer can see suggestions in filter search box" time="0">
    <skipped/>
  </testcase>
  <testcase name="Given Customer on smart box landing page" classname="Scenario: Verify customer can see suggestions in filter search box" time="0">
    <skipped/>
  </testcase>
  <testcase name="When Customer select category and sub category" classname="Scenario: Verify customer can see suggestions in filter search box" time="0">
    <skipped/>
  </testcase>
  <testcase name="When Customer select category and sub category" classname="Scenario: Verify customer can see suggestions in filter search box" time="0">
    <skipped/>
  </testcase>
  <testcase name="Then filter options should display" classname="Scenario: Verify customer can see suggestions in filter search box" time="0">
    <skipped/>
  </testcase>
  <testcase name="Then filter options should display" classname="Scenario: Verify customer can see suggestions in filter search box" time="0">
    <skipped/>
  </testcase>
  <testcase name="And suggestions should display in filter box" classname="Scenario: Verify customer can see suggestions in filter search box" time="0">
    <skipped/>
  </testcase>
  <testcase name="And suggestions should display in filter box" classname="Scenario: Verify customer can see suggestions in filter search box" time="0">
    <skipped/>
  </testcase>
  <testcase name="Scenario: Verify customer can see suggestions in filter search box" classname="Scenario: Verify customer can see suggestions in filter search box" time="0">
    <skipped/>
  </testcase>
  <testcase name="Scenario: Verify customer can see suggestions in filter search box" classname="Scenario: Verify customer can see suggestions in filter search box" time="0"/>
  <testcase name="Scenario: Verify customer can see suggestions in filter search box" classname="Scenario: Verify customer can see suggestions in filter search box" time="0">
    <skipped/>
  </testcase>
  <testcase name="Scenario: Verify customer can see suggestions in filter search box" classname="Scenario: Verify customer can see suggestions in filter search box" time="0"/>
  <testcase name="Given Customer on smart box landing page" classname="Scenario: Verify customer can see Review link on box page" time="0">
    <skipped/>
  </testcase>
  <testcase name="When Customer select category and sub category" classname="Scenario: Verify customer can see Review link on box page" time="0">
    <skipped/>
  </testcase>
  <testcase name="Then filter options should display" classname="Scenario: Verify customer can see Review link on box page" time="0">
    <skipped/>
  </testcase>
  <testcase name="And Review link should display on a box" classname="Scenario: Verify customer can see Review link on box page" time="0">
    <skipped/>
  </testcase>
  <testcase name="Scenario: Verify customer can see Review link on box page" classname="Scenario: Verify customer can see Review link on box page" time="0">
    <skipped/>
  </testcase>
  <testcase name="Scenario: Verify customer can see Review link on box page" classname="Scenario: Verify customer can see Review link on box page" time="0.001"/>
  <testcase name="Given Customer on smart Box Landing page" classname="Scenario: Verify Customer add and remove desired box to cart" time="0">
    <skipped/>
  </testcase>
  <testcase name="When Customer select category and Subcategory" classname="Scenario: Verify Customer add and remove desired box to cart" time="0">
    <skipped/>
  </testcase>
  <testcase name="Then List of products displayed" classname="Scenario: Verify Customer add and remove desired box to cart" time="0">
    <skipped/>
  </testcase>
  <testcase name="When Customer select the product" classname="Scenario: Verify Customer add and remove desired box to cart" time="0">
    <skipped/>
  </testcase>
  <testcase name="Then Selected Product Detail displayed" classname="Scenario: Verify Customer add and remove desired box to cart" time="0">
    <skipped/>
  </testcase>
  <testcase name="When Customer add item to the Cart" classname="Scenario: Verify Customer add and remove desired box to cart" time="0">
    <skipped/>
  </testcase>
  <testcase name="Then Product display in the shopping cart" classname="Scenario: Verify Customer add and remove desired box to cart" time="0">
    <skipped/>
  </testcase>
  <testcase name="And Customer can Remove the Item from the Cart" classname="Scenario: Verify Customer add and remove desired box to cart" time="0">
    <skipped/>
  </testcase>
  <testcase name="Scenario: Verify Customer add and remove desired box to cart" classname="Scenario: Verify Customer add and remove desired box to cart" time="0">
    <skipped/>
  </testcase>
  <testcase name="Scenario: Verify Customer add and remove desired box to cart" classname="Scenario: Verify Customer add and remove desired box to cart" time="0.016"/>
  <testcase name="Given Customer added item to cart" classname="Scenario: Verify Customer continue shopping after adding item to cart" time="0">
    <skipped/>
  </testcase>
  <testcase name="Then Customer continue shopping by adding another item to the cart" classname="Scenario: Verify Customer continue shopping after adding item to cart" time="0">
    <skipped/>
  </testcase>
  <testcase name="Scenario: Verify Customer continue shopping after adding item to cart" classname="Scenario: Verify Customer continue shopping after adding item to cart" time="0">
    <skipped/>
  </testcase>
  <testcase name="Scenario: Verify Customer continue shopping after adding item to cart" classname="Scenario: Verify Customer continue shopping after adding item to cart" time="0.002"/>
  <testcase name="Given Customer added item to 5 items to cart" classname="Scenario: Verify Customer cannot add more than 5 boxes of each title to cart" time="0">
    <skipped/>
  </testcase>
  <testcase name="Then Customer cannot do purchase" classname="Scenario: Verify Customer cannot add more than 5 boxes of each title to cart" time="0">
    <skipped/>
  </testcase>
  <testcase name="Scenario: Verify Customer cannot add more than 5 boxes of each title to cart" classname="Scenario: Verify Customer cannot add more than 5 boxes of each title to cart" time="0">
    <skipped/>
  </testcase>
  <testcase name="Scenario: Verify Customer cannot add more than 5 boxes of each title to cart" classname="Scenario: Verify Customer cannot add more than 5 boxes of each title to cart" time="0.011"/>
</testsuite>